18-08-2020 19:20:56	This log contains information about the import schema operation into project 'SiemensGamesa.Database' on computer 'DEEPAK-TECRAZ40' by user 'Deepak'.
18-08-2020 19:20:56	Import of database schema has started.
18-08-2020 19:21:04	Gathering database credentials
18-08-2020 19:21:04	Gathering database options
18-08-2020 19:21:04	Gathering generic database scoped configuration option
18-08-2020 19:21:04	Gathering users
18-08-2020 19:21:04	Gathering roles
18-08-2020 19:21:04	Gathering application roles
18-08-2020 19:21:05	Gathering role memberships
18-08-2020 19:21:05	Gathering filegroups
18-08-2020 19:21:05	Gathering full-text catalogs
18-08-2020 19:21:05	Gathering assemblies
18-08-2020 19:21:05	Gathering certificates
18-08-2020 19:21:05	Gathering asymmetric keys
18-08-2020 19:21:05	Gathering symmetric keys
18-08-2020 19:21:05	Gathering encrypted symmetric keys
18-08-2020 19:21:05	Gathering schemas
18-08-2020 19:21:05	Gathering XML schema collections
18-08-2020 19:21:05	Gathering user-defined data types
18-08-2020 19:21:05	Gathering user-defined types
18-08-2020 19:21:05	Gathering table types
18-08-2020 19:21:05	Gathering unique keys for table types
18-08-2020 19:21:05	Gathering primary keys for table types
18-08-2020 19:21:05	Gathering indexes for table types
18-08-2020 19:21:05	Gathering check constraints for table types
18-08-2020 19:21:05	Gathering default constraints for table types
18-08-2020 19:21:05	Gathering partition functions
18-08-2020 19:21:05	Gathering partition schemes
18-08-2020 19:21:05	Gathering functions
18-08-2020 19:21:05	Gathering encrypted functions
18-08-2020 19:21:05	Gathering aggregates
18-08-2020 19:21:05	Gathering procedures
18-08-2020 19:21:05	Gathering encrypted procedures
18-08-2020 19:21:05	Gathering tables
18-08-2020 19:21:06	Gathering primary keys
18-08-2020 19:21:06	Gathering unique constraints
18-08-2020 19:21:06	Gathering foreign keys
18-08-2020 19:21:06	Gathering default constraints
18-08-2020 19:21:06	Gathering check constraints
18-08-2020 19:21:06	Gathering views
18-08-2020 19:21:06	Gathering encrypted views
18-08-2020 19:21:06	Gathering indexes
18-08-2020 19:21:06	Gathering statistics
18-08-2020 19:21:06	Gathering full-text index stoplists
18-08-2020 19:21:06	Gathering search property lists
18-08-2020 19:21:07	Gathering search properties
18-08-2020 19:21:07	Gathering full-text indexes
18-08-2020 19:21:07	Gathering column store indexes
18-08-2020 19:21:07	Gathering spatial indexes
18-08-2020 19:21:07	Gathering XML indexes
18-08-2020 19:21:07	Gathering Selective XML indexes
18-08-2020 19:21:07	Gathering encrypted triggers
18-08-2020 19:21:07	Gathering triggers
18-08-2020 19:21:07	Gathering encrypted and clr ddl triggers
18-08-2020 19:21:07	Gathering ddl triggers
18-08-2020 19:21:07	Creating edge constraints
18-08-2020 19:21:07	Gathering synonyms
18-08-2020 19:21:07	Gathering defaults
18-08-2020 19:21:07	Gathering data constraint uddt bindings
18-08-2020 19:21:07	Gathering rules
18-08-2020 19:21:07	Gathering data constraint uddt bindings
18-08-2020 19:21:07	Gathering message types
18-08-2020 19:21:07	Gathering queues
18-08-2020 19:21:07	Gathering contracts
18-08-2020 19:21:07	Gathering services
18-08-2020 19:21:07	Gathering event notifications
18-08-2020 19:21:07	Gathering remote service bindings
18-08-2020 19:21:07	Gathering broker priorities
18-08-2020 19:21:07	Gathering signatures
18-08-2020 19:21:07	Gathering data compression options
18-08-2020 19:21:07	Gathering sequence types
18-08-2020 19:21:07	Gathering security policies
18-08-2020 19:21:07	Gather column encryption keys
18-08-2020 19:21:07	Gathering column master keys
18-08-2020 19:21:07	Gathering external data sources
18-08-2020 19:21:07	Gathering external file formats
18-08-2020 19:21:07	Gathering external tables
18-08-2020 19:21:07	Gathering extended properties
18-08-2020 19:21:07	Scanning project for duplicate elements
18-08-2020 19:21:08	Finished duplicate element processing
18-08-2020 19:21:08	Finished importing database.
18-08-2020 19:21:08	A summary of the import was saved to the following location: D:\SiemensGamesa\SiemensGamesa.Database\Import Schema Logs\SiemensGamesa.Databa_20200818015056.log
18-08-2020 19:21:08	Click Finish to continue...
